[    0.000000] Initializing cgroup subsys cpuset
[    0.000000] Initializing cgroup subsys cpu
[    0.000000] Initializing cgroup subsys cpuacct
[    0.000000] Linux version 4.4.0-210-generic (buildd@lgw01-amd64-009) (gcc version 5.4.0 20160609 (Ubuntu 5.4.0-6ubuntu1~16.04.12) ) #242-Ubuntu SMP Fri Apr 16 09:57:56 UTC 2021 (Ubuntu 4.4.0-210.242-generic 4.4.262)
[    0.000000] Command line: BOOT_IMAGE=/boot/vmlinuz-4.4.0-210-generic root=LABEL=cloudimg-rootfs ro console=tty1 console=ttyS0
[    0.000000] KERNEL supported cpus:
[    0.000000]   Intel GenuineIntel
[    0.000000]   AMD AuthenticAMD
[    0.000000]   Centaur CentaurHauls
[    0.000000] x86/fpu: xstate_offset[2]:  576, xstate_sizes[2]:  256
[    0.000000] x86/fpu: Supporting XSAVE feature 0x01: 'x87 floating point registers'
[    0.000000] x86/fpu: Supporting XSAVE feature 0x02: 'SSE registers'
[    0.000000] x86/fpu: Supporting XSAVE feature 0x04: 'AVX registers'
[    0.000000] x86/fpu: Enabled xstate features 0x7, context size is 832 bytes, using 'standard' format.
[    0.000000] e820: BIOS-provided physical RAM map:
[    0.000000] BIOS-e820: [mem 0x0000000000000000-0x000000000009fbff] usable
[    0.000000] BIOS-e820: [mem 0x000000000009fc00-0x000000000009ffff] reserved
[    0.000000] BIOS-e820: [mem 0x00000000000f0000-0x00000000000fffff] reserved
[    0.000000] BIOS-e820: [mem 0x0000000000100000-0x000000003ffeffff] usable
[    0.000000] BIOS-e820: [mem 0x000000003fff0000-0x000000003fffffff] ACPI data
[    0.000000] BIOS-e820: [mem 0x00000000fec00000-0x00000000fec00fff] reserved
[    0.000000] BIOS-e820: [mem 0x00000000fee00000-0x00000000fee00fff] reserved
[    0.000000] BIOS-e820: [mem 0x00000000fffc0000-0x00000000ffffffff] reserved
[    0.000000] NX (Execute Disable) protection: active
[    0.000000] SMBIOS 2.5 present.
[    0.000000] Hypervisor detected: KVM
[    0.000000] e820: last_pfn = 0x3fff0 max_arch_pfn = 0x400000000
[    0.000000] MTRR: Disabled
[    0.000000] x86/PAT: MTRRs disabled, skipping PAT initialization too.
[    0.000000] CPU MTRRs all blank - virtualized system.
[    0.000000] x86/PAT: Configuration [0-7]: WB  WT  UC- UC  WB  WT  UC- UC  
[    0.000000] found SMP MP-table at [mem 0x0009fff0-0x0009ffff] mapped at [ffff88000009fff0]
[    0.000000] Scanning 1 areas for low memory corruption
[    0.000000] RAMDISK: [mem 0x362dc000-0x37165fff]
[    0.000000] ACPI: Early table checksum verification disabled
[    0.000000] ACPI: RSDP 0x00000000000E0000 000024 (v02 VBOX  )
[    0.000000] ACPI: XSDT 0x000000003FFF0030 00003C (v01 VBOX   VBOXXSDT 00000001 ASL  00000061)
[    0.000000] ACPI: FACP 0x000000003FFF00F0 0000F4 (v04 VBOX   VBOXFACP 00000001 ASL  00000061)
[    0.000000] ACPI: DSDT 0x000000003FFF0470 002325 (v02 VBOX   VBOXBIOS 00000002 INTL 20120111)
[    0.000000] ACPI: FACS 0x000000003FFF0200 000040
[    0.000000] ACPI: FACS 0x000000003FFF0200 000040
[    0.000000] ACPI: APIC 0x000000003FFF0240 00005C (v02 VBOX   VBOXAPIC 00000001 ASL  00000061)
[    0.000000] ACPI: SSDT 0x000000003FFF02A0 0001CC (v01 VBOX   VBOXCPUT 00000002 INTL 20120111)
[    0.000000] No NUMA configuration found
[    0.000000] Faking a node at [mem 0x0000000000000000-0x000000003ffeffff]
[    0.000000] NODE_DATA(0) allocated [mem 0x3ffeb000-0x3ffeffff]
[    0.000000] kvm-clock: Using msrs 4b564d01 and 4b564d00
[    0.000000] kvm-clock: cpu 0, msr 0:3ffe3001, primary cpu clock
[    0.000000] kvm-clock: using sched offset of 3362968977 cycles
[    0.000000] clocksource: kvm-clock: mask: 0xffffffffffffffff max_cycles: 0x1cd42e4dffb, max_idle_ns: 881590591483 ns
[    0.000000] Zone ranges:
[    0.000000]   DMA      [mem 0x0000000000001000-0x0000000000ffffff]
[    0.000000]   DMA32    [mem 0x0000000001000000-0x000000003ffeffff]
[    0.000000]   Normal   empty
[    0.000000]   Device   empty
[    0.000000] Movable zone start for each node
[    0.000000] Early memory node ranges
[    0.000000]   node   0: [mem 0x0000000000001000-0x000000000009efff]
[    0.000000]   node   0: [mem 0x0000000000100000-0x000000003ffeffff]
[    0.000000] Initmem setup node 0 [mem 0x0000000000001000-0x000000003ffeffff]
[    0.000000] ACPI: PM-Timer IO Port: 0x4008
[    0.000000] IOAPIC[0]: apic_id 2, version 32, address 0xfec00000, GSI 0-23
[    0.000000] ACPI: INT_SRC_OVR (bus 0 bus_irq 0 global_irq 2 dfl dfl)
[    0.000000] ACPI: INT_SRC_OVR (bus 0 bus_irq 9 global_irq 9 low level)
[    0.000000] Using ACPI (MADT) for SMP configuration information
[    0.000000] smpboot: Allowing 2 CPUs, 0 hotplug CPUs
[    0.000000] PM: Registered nosave memory: [mem 0x00000000-0x00000fff]
[    0.000000] PM: Registered nosave memory: [mem 0x0009f000-0x0009ffff]
[    0.000000] PM: Registered nosave memory: [mem 0x000a0000-0x000effff]
[    0.000000] PM: Registered nosave memory: [mem 0x000f0000-0x000fffff]
[    0.000000] e820: [mem 0x40000000-0xfebfffff] available for PCI devices
[    0.000000] Booting paravirtualized kernel on KVM
[    0.000000] clocksource: refined-jiffies: mask: 0xffffffff max_cycles: 0xffffffff, max_idle_ns: 7645519600211568 ns
[    0.000000] setup_percpu: NR_CPUS:512 nr_cpumask_bits:512 nr_cpu_ids:2 nr_node_ids:1
[    0.000000] PERCPU: Embedded 33 pages/cpu @ffff88003fc00000 s95192 r8192 d31784 u1048576
[    0.000000] Built 1 zonelists in Node order, mobility grouping on.  Total pages: 257912
[    0.000000] Policy zone: DMA32
[    0.000000] Kernel command line: BOOT_IMAGE=/boot/vmlinuz-4.4.0-210-generic root=LABEL=cloudimg-rootfs ro console=tty1 console=ttyS0
[    0.000000] PID hash table entries: 4096 (order: 3, 32768 bytes)
[    0.000000] Memory: 997792K/1048120K available (8644K kernel code, 1332K rwdata, 4044K rodata, 1492K init, 1164K bss, 50328K reserved, 0K cma-reserved)
[    0.000000] SLUB: HWalign=64, Order=0-3, MinObjects=0, CPUs=2, Nodes=1
[    0.000000] Kernel/User page tables isolation: enabled
[    0.000000] Hierarchical RCU implementation.
[    0.000000] 	Build-time adjustment of leaf fanout to 64.
[    0.000000] 	RCU restricting CPUs from NR_CPUS=512 to nr_cpu_ids=2.
[    0.000000] RCU: Adjusting geometry for rcu_fanout_leaf=64, nr_cpu_ids=2
[    0.000000] NR_IRQS:33024 nr_irqs:440 16
[    0.000000] Console: colour VGA+ 80x25
[    0.000000] console [tty1] enabled
[    0.000000] console [ttyS0] enabled
[    0.000000] tsc: Detected 2592.000 MHz processor
[    0.127812] Calibrating delay loop (skipped) preset value.. 5184.00 BogoMIPS (lpj=10368000)
[    0.129402] pid_max: default: 32768 minimum: 301
[    0.130263] ACPI: Core revision 20150930
[    0.131676] ACPI: 2 ACPI AML tables successfully acquired and loaded
[    0.132927] Security Framework initialized
[    0.133721] Yama: becoming mindful.
[    0.134418] AppArmor: AppArmor initialized
[    0.135249] Dentry cache hash table entries: 131072 (order: 8, 1048576 bytes)
[    0.137384] Inode-cache hash table entries: 65536 (order: 7, 524288 bytes)
[    0.138649] Mount-cache hash table entries: 2048 (order: 2, 16384 bytes)
[    0.139839] Mountpoint-cache hash table entries: 2048 (order: 2, 16384 bytes)
[    0.141209] Initializing cgroup subsys io
[    0.141975] Initializing cgroup subsys memory
[    0.142789] Initializing cgroup subsys devices
[    0.143639] Initializing cgroup subsys freezer
[    0.144649] Initializing cgroup subsys net_cls
[    0.145491] Initializing cgroup subsys perf_event
[    0.146369] Initializing cgroup subsys net_prio
[    0.147223] Initializing cgroup subsys hugetlb
[    0.148163] Initializing cgroup subsys pids
[    0.159671] mce: CPU supports 0 MCE banks
[    0.161031] Last level iTLB entries: 4KB 64, 2MB 8, 4MB 8
[    0.162716] Last level dTLB entries: 4KB 64, 2MB 0, 4MB 0, 1GB 4
[    0.164485] Spectre V1 : Mitigation: usercopy/swapgs barriers and __user pointer sanitization
[    0.166067] Spectre V2 : Mitigation: Full generic retpoline
[    0.167069] Spectre V2 : Spectre v2 / SpectreRSB mitigation: Filling RSB on context switch
[    0.168658] Speculative Store Bypass: Vulnerable
[    0.169519] SRBDS: Unknown: Dependent on hypervisor status
[    0.170560] MDS: Mitigation: Clear CPU buffers
[    0.173590] Freeing SMP alternatives memory: 36K
[    0.179411] ftrace: allocating 32380 entries in 127 pages
[    0.228175] smpboot: APIC(0) Converting physical 0 to logical package 0
[    0.229774] smpboot: Max logical packages: 1
[    0.230767] x2apic enabled
[    0.231526] Switched APIC routing to physical x2apic.
[    0.233271] ..TIMER: vector=0x30 apic1=0 pin1=2 apic2=-1 pin2=-1
[    0.342446] smpboot: CPU0: Intel(R) Core(TM) i7-9750H CPU @ 2.60GHz (family: 0x6, model: 0x9e, stepping: 0xa)
[    0.345315] Performance Events: unsupported p6 CPU model 158 no PMU driver, software events only.
[    0.353594] KVM setup paravirtual spinlock
[    0.355430] x86: Booting SMP configuration:
[    0.356436] .... node  #0, CPUs:      #1
[    0.357272] kvm-clock: cpu 1, msr 0:3ffe3041, secondary cpu clock
[    0.368976] mce: CPU supports 0 MCE banks
[    0.371617] x86: Booted up 1 node, 2 CPUs
[    0.372722] smpboot: Total of 2 processors activated (10368.00 BogoMIPS)
[    0.374161] devtmpfs: initialized
[    0.376365] evm: security.selinux
[    0.377055] evm: security.SMACK64
[    0.377725] evm: security.SMACK64EXEC
[    0.378758] evm: security.SMACK64TRANSMUTE
[    0.379646] evm: security.SMACK64MMAP
[    0.380378] evm: security.ima
[    0.381327] evm: security.capability
[    0.382135] clocksource: jiffies: mask: 0xffffffff max_cycles: 0xffffffff, max_idle_ns: 7645041785100000 ns
[    0.383970] futex hash table entries: 512 (order: 3, 32768 bytes)
[    0.385182] pinctrl core: initialized pinctrl subsystem
[    0.386303] RTC time: 17:07:43, date: 11/23/21
[    0.387379] NET: Registered protocol family 16
[    0.398755] cpuidle: using governor ladder
[    0.410928] cpuidle: using governor menu
[    0.412137] PCCT header not found.
[    0.413016] ACPI: bus type PCI registered
[    0.414154] acpiphp: ACPI Hot Plug PCI Controller Driver version: 0.5
[    0.415603] PCI: Using configuration type 1 for base access
[    0.427748] ACPI: Added _OSI(Module Device)
[    0.429022] ACPI: Added _OSI(Processor Device)
[    0.430005] ACPI: Added _OSI(3.0 _SCP Extensions)
[    0.431049] ACPI: Added _OSI(Processor Aggregator Device)
[    0.432844] ACPI: Executed 1 blocks of module-level executable AML code
[    0.436237] ACPI: Interpreter enabled
[    0.436971] ACPI: (supports S0 S5)
[    0.437653] ACPI: Using IOAPIC for interrupt routing
[    0.438686] PCI: Using host bridge windows from ACPI; if necessary, use "pci=nocrs" and report a bug
[    0.443860] ACPI: PCI Root Bridge [PCI0] (domain 0000 [bus 00-ff])
[    0.445237] acpi PNP0A03:00: _OSC: OS supports [ASPM ClockPM Segments MSI]
[    0.446682] acpi PNP0A03:00: _OSC: not requesting OS control; OS requires [ExtendedConfig ASPM ClockPM MSI]
[    0.449253] acpi PNP0A03:00: fail to add MMCONFIG information, can't access extended PCI configuration space under this bridge.
[    0.452533] PCI host bridge to bus 0000:00
[    0.454486] pci_bus 0000:00: root bus resource [io  0x0000-0x0cf7 window]
[    0.456727] pci_bus 0000:00: root bus resource [io  0x0d00-0xffff window]
[    0.459156] pci_bus 0000:00: root bus resource [mem 0x000a0000-0x000bffff window]
[    0.461416] pci_bus 0000:00: root bus resource [mem 0x40000000-0xfdffffff window]
[    0.463253] pci_bus 0000:00: root bus resource [bus 00-ff]
[    0.466464] pci 0000:00:01.1: legacy IDE quirk: reg 0x10: [io  0x01f0-0x01f7]
[    0.467994] pci 0000:00:01.1: legacy IDE quirk: reg 0x14: [io  0x03f6]
[    0.469364] pci 0000:00:01.1: legacy IDE quirk: reg 0x18: [io  0x0170-0x0177]
[    0.479239] pci 0000:00:01.1: legacy IDE quirk: reg 0x1c: [io  0x0376]
[    0.499159] pci 0000:00:07.0: quirk: [io  0x4000-0x403f] claimed by PIIX4 ACPI
[    0.501436] pci 0000:00:07.0: quirk: [io  0x4100-0x410f] claimed by PIIX4 SMB
[    0.523347] ACPI: PCI Interrupt Link [LNKA] (IRQs 5 9 10 *11)
[    0.526060] ACPI: PCI Interrupt Link [LNKB] (IRQs 5 9 *10 11)
[    0.528078] ACPI: PCI Interrupt Link [LNKC] (IRQs 5 *9 10 11)
[    0.530854] ACPI: PCI Interrupt Link [LNKD] (IRQs 5 9 10 *11)
[    0.533461] ACPI: Enabled 2 GPEs in block 00 to 07
[    0.535036] vgaarb: setting as boot device: PCI:0000:00:02.0
[    0.536665] vgaarb: device added: PCI:0000:00:02.0,decodes=io+mem,owns=io+mem,locks=none
[    0.538658] vgaarb: loaded
[    0.539278] vgaarb: bridge control possible 0000:00:02.0
[    0.540985] SCSI subsystem initialized
[    0.542068] ACPI: bus type USB registered
[    0.542941] usbcore: registered new interface driver usbfs
[    0.544037] usbcore: registered new interface driver hub
[    0.545639] usbcore: registered new device driver usb
[    0.547880] PCI: Using ACPI for IRQ routing
[    0.549140] NetLabel: Initializing
[    0.550038] NetLabel:  domain hash size = 128
[    0.551079] NetLabel:  protocols = UNLABELED CIPSOv4
[    0.552235] NetLabel:  unlabeled traffic allowed by default
[    0.554219] amd_nb: Cannot enumerate AMD northbridges
[    0.555708] clocksource: Switched to clocksource kvm-clock
[    0.565328] AppArmor: AppArmor Filesystem Enabled
[    0.566703] pnp: PnP ACPI init
[    0.569100] pnp: PnP ACPI: found 3 devices
[    0.579349] clocksource: acpi_pm: mask: 0xffffff max_cycles: 0xffffff, max_idle_ns: 2085701024 ns
[    0.582104] NET: Registered protocol family 2
[    0.583696] TCP established hash table entries: 8192 (order: 4, 65536 bytes)
[    0.585814] TCP bind hash table entries: 8192 (order: 5, 131072 bytes)
[    0.587581] TCP: Hash tables configured (established 8192 bind 8192)
[    0.589637] UDP hash table entries: 512 (order: 2, 16384 bytes)
[    0.591237] UDP-Lite hash table entries: 512 (order: 2, 16384 bytes)
[    0.593250] NET: Registered protocol family 1
[    0.594595] pci 0000:00:00.0: Limiting direct PCI/PCI transfers
[    0.596403] pci 0000:00:01.0: Activating ISA DMA hang workarounds
[    0.598128] Unpacking initramfs...
[    0.839520] Freeing initrd memory: 14888K
[    0.841309] clocksource: tsc: mask: 0xffffffffffffffff max_cycles: 0x255cb6cc5db, max_idle_ns: 440795203504 ns
[    0.844611] platform rtc_cmos: registered platform RTC device (no PNP device found)
[    0.846746] Scanning for low memory corruption every 60 seconds
[    0.848603] audit: initializing netlink subsys (disabled)
[    0.850120] audit: type=2000 audit(1637687268.762:1): initialized
[    0.851940] Initialise system trusted keyring
[    0.853598] HugeTLB registered 2 MB page size, pre-allocated 0 pages
[    0.856893] zbud: loaded
[    0.857991] VFS: Disk quotas dquot_6.6.0
[    0.859209] VFS: Dquot-cache hash table entries: 512 (order 0, 4096 bytes)
[    0.861263] squashfs: version 4.0 (2009/01/31) Phillip Lougher
[    0.863297] fuse init (API version 7.23)
[    0.864451] Key type big_key registered
[    0.865443] Allocating IMA MOK and blacklist keyrings.
[    0.867160] Key type asymmetric registered
[    0.868232] Asymmetric key parser 'x509' registered
[    0.869402] Block layer SCSI generic (bsg) driver version 0.4 loaded (major 249)
[    0.871319] io scheduler noop registered
[    0.872427] io scheduler deadline registered (default)
[    0.875402] io scheduler cfq registered
[    0.879098] pci_hotplug: PCI Hot Plug PCI Core version: 0.5
[    0.881135] pciehp: PCI Express Hot Plug Controller Driver version: 0.4
[    0.883996] ACPI: AC Adapter [AC] (off-line)
[    0.885710] input: Power Button as /devices/LNXSYSTM:00/LNXPWRBN:00/input/input0
[    0.891343] ACPI: Power Button [PWRF]
[    0.892617] input: Sleep Button as /devices/LNXSYSTM:00/LNXSLPBN:00/input/input1
[    0.895320] ACPI: Sleep Button [SLPF]
[    0.897042] GHES: HEST is not enabled!
[    0.899265] ACPI: Battery Slot [BAT0] (battery present)
[    0.900746] Serial: 8250/16550 driver, 32 ports, IRQ sharing enabled
[    0.923115] 00:02: ttyS0 at I/O 0x3f8 (irq = 4, base_baud = 115200) is a 16550A
[    0.927819] Linux agpgart interface v0.103
[    0.930358] loop: module loaded
[    0.931906] scsi host0: ata_piix
[    0.933407] scsi host1: ata_piix
[    0.934367] ata1: PATA max UDMA/33 cmd 0x1f0 ctl 0x3f6 bmdma 0xd000 irq 14
[    0.935932] ata2: PATA max UDMA/33 cmd 0x170 ctl 0x376 bmdma 0xd008 irq 15
[    0.938272] libphy: Fixed MDIO Bus: probed
[    0.939358] tun: Universal TUN/TAP device driver, 1.6
[    0.940594] tun: (C) 1999-2004 Max Krasnyansky <maxk@qualcomm.com>
[    0.942256] PPP generic driver version 2.4.2
[    0.943614] ehci_hcd: USB 2.0 'Enhanced' Host Controller (EHCI) Driver
[    0.945205] ehci-pci: EHCI PCI platform driver
[    0.946365] ehci-platform: EHCI generic platform driver
[    0.947614] ohci_hcd: USB 1.1 'Open' Host Controller (OHCI) Driver
[    0.949306] ohci-pci: OHCI PCI platform driver
[    0.950555] ohci-platform: OHCI generic platform driver
[    0.951793] uhci_hcd: USB Universal Host Controller Interface driver
[    0.953474] i8042: PNP: PS/2 Controller [PNP0303:PS2K,PNP0f03:PS2M] at 0x60,0x64 irq 1,12
[    0.955987] serio: i8042 KBD port at 0x60,0x64 irq 1
[    0.958018] serio: i8042 AUX port at 0x60,0x64 irq 12
[    0.959496] mousedev: PS/2 mouse device common for all mice
[    0.961574] input: AT Translated Set 2 keyboard as /devices/platform/i8042/serio0/input/input2
[    0.963859] rtc_cmos rtc_cmos: rtc core: registered rtc_cmos as rtc0
[    0.967035] rtc_cmos rtc_cmos: alarms up to one day, 114 bytes nvram
[    0.970429] i2c /dev entries driver
[    0.972885] device-mapper: uevent: version 1.0.3
[    0.976313] device-mapper: ioctl: 4.34.0-ioctl (2015-10-28) initialised: dm-devel@redhat.com
[    0.980105] ledtrig-cpu: registered to indicate activity on CPUs
[    0.982735] NET: Registered protocol family 10
[    0.984405] NET: Registered protocol family 17
[    0.985504] Key type dns_resolver registered
[    0.987146] registered taskstats version 1
[    0.988444] Loading compiled-in X.509 certificates
[    0.990431] Loaded X.509 cert 'Build time autogenerated kernel key: cf00e047681d67edb2720680708b7d9498083038'
[    0.993340] zswap: loaded using pool lzo/zbud
[    0.996674] Key type trusted registered
[    1.001841] Key type encrypted registered
[    1.003250] AppArmor: AppArmor sha1 policy hashing enabled
[    1.005018] ima: No TPM chip found, activating TPM-bypass!
[    1.006630] ima: Allocated hash algorithm: sha1
[    1.007948] evm: HMAC attrs: 0x1
[    1.009397]   Magic number: 13:627:138
[    1.010484] rtc_cmos rtc_cmos: setting system clock to 2021-11-23 17:07:44 UTC (1637687264)
[    1.012921] BIOS EDD facility v0.16 2004-Jun-25, 0 devices found
[    1.014429] EDD information not available.
[    1.133593] Freeing unused kernel memory: 1492K
[    1.134880] Write protecting the kernel read-only data: 14336k
[    1.136335] Freeing unused kernel memory: 1584K
[    1.137356] Freeing unused kernel memory: 52K
Loading, please wait...
starting version 229
[    1.147519] random: systemd-udevd: uninitialized urandom read (16 bytes read, 3 bits of entropy available)
[    1.147640] random: udevadm: uninitialized urandom read (16 bytes read, 3 bits of entropy available)
[    1.147669] random: udevadm: uninitialized urandom read (16 bytes read, 3 bits of entropy available)
[    1.153113] random: systemd-udevd: uninitialized urandom read (16 bytes read, 3 bits of entropy available)
[    1.153129] random: udevadm: uninitialized urandom read (16 bytes read, 3 bits of entropy available)
[    1.153167] random: udevadm: uninitialized urandom read (16 bytes read, 3 bits of entropy available)
[    1.153270] random: udevadm: uninitialized urandom read (16 bytes read, 3 bits of entropy available)
[    1.153312] random: udevadm: uninitialized urandom read (16 bytes read, 3 bits of entropy available)
[    1.153354] random: udevadm: uninitialized urandom read (16 bytes read, 3 bits of entropy available)
[    1.153396] random: udevadm: uninitialized urandom read (16 bytes read, 3 bits of entropy available)
[    1.200626] e1000: Intel(R) PRO/1000 Network Driver - version 7.3.21-k8-NAPI
[    1.202635] e1000: Copyright (c) 1999-2006 Intel Corporation.
[    1.205768] Fusion MPT base driver 3.04.20
[    1.206602] Copyright (c) 1999-2008 LSI Corporation
[    1.213919] Fusion MPT SPI Host driver 3.04.20
[    1.222208] AVX2 version of gcm_enc/dec engaged.
[    1.223809] AES CTR mode by8 optimization enabled
[    1.410968] input: ImExPS/2 Generic Explorer Mouse as /devices/platform/i8042/serio1/input/input4
[    1.577588] e1000 0000:00:03.0 eth0: (PCI:33MHz:32-bit) 02:be:82:6b:cc:1d
[    1.579429] e1000 0000:00:03.0 eth0: Intel(R) PRO/1000 Network Connection
[    1.581552] mptbase: ioc0: Initiating bringup
[    1.643962] ioc0: LSI53C1030 A0: Capabilities={Initiator}
[    1.806288] scsi host2: ioc0: LSI53C1030 A0, FwRev=00000000h, Ports=1, MaxQ=256, IRQ=20
[    1.922928] scsi 2:0:0:0: Direct-Access     VBOX     HARDDISK         1.0  PQ: 0 ANSI: 5
[    1.925631] scsi target2:0:0: Beginning Domain Validation
[    1.927842] scsi target2:0:0: Domain Validation skipping write tests
[    1.929408] scsi target2:0:0: Ending Domain Validation
[    1.930750] scsi target2:0:0: asynchronous
[    1.932460] scsi 2:0:1:0: Direct-Access     VBOX     HARDDISK         1.0  PQ: 0 ANSI: 5
[    1.934633] scsi target2:0:1: Beginning Domain Validation
[    1.936824] scsi target2:0:1: Domain Validation skipping write tests
[    1.938493] scsi target2:0:1: Ending Domain Validation
[    1.939906] scsi target2:0:1: asynchronous
[    2.024128] sd 2:0:0:0: Attached scsi generic sg0 type 0
[    2.025383] sd 2:0:0:0: [sda] 83886080 512-byte logical blocks: (42.9 GB/40.0 GiB)
[    2.027552] sd 2:0:1:0: [sdb] 20480 512-byte logical blocks: (10.5 MB/10.0 MiB)
[    2.029447] sd 2:0:1:0: Attached scsi generic sg1 type 0
[    2.030542] sd 2:0:1:0: [sdb] Write Protect is off
[    2.031505] sd 2:0:0:0: [sda] Write Protect is off
[    2.033119] sd 2:0:1:0: [sdb] Incomplete mode parameter data
[    2.034199] sd 2:0:1:0: [sdb] Assuming drive cache: write through
[    2.035362] sd 2:0:0:0: [sda] Incomplete mode parameter data
[    2.037118] sd 2:0:0:0: [sda] Assuming drive cache: write through
[    2.039619]  sda: sda1
[    2.040923] sd 2:0:1:0: [sdb] Attached SCSI disk
[    2.041910] sd 2:0:0:0: [sda] Attached SCSI disk
[    2.294166] e1000 0000:00:08.0 eth1: (PCI:33MHz:32-bit) 08:00:27:65:93:1f
[    2.296432] e1000 0000:00:08.0 eth1: Intel(R) PRO/1000 Network Connection
[    2.299142] e1000 0000:00:03.0 enp0s3: renamed from eth0
[    2.312513] e1000 0000:00:08.0 enp0s8: renamed from eth1
Begin: Loading essential drivers ... [    3.555864] md: linear personality registered for level -1
[    3.558966] md: multipath personality registered for level -4
[    3.561881] md: raid0 personality registered for level 0
[    3.565543] md: raid1 personality registered for level 1
[    3.635788] raid6: sse2x1   gen() 13962 MB/s
[    3.703773] raid6: sse2x1   xor() 10135 MB/s
[    3.771792] raid6: sse2x2   gen() 16749 MB/s
[    3.839790] raid6: sse2x2   xor() 11682 MB/s
[    3.907985] raid6: sse2x4   gen() 19127 MB/s
[    3.975786] raid6: sse2x4   xor() 12312 MB/s
[    4.043770] raid6: avx2x1   gen() 24303 MB/s
[    4.111786] raid6: avx2x2   gen() 31667 MB/s
[    4.179791] raid6: avx2x4   gen() 33957 MB/s
[    4.181038] raid6: using algorithm avx2x4 gen() 33957 MB/s
[    4.182027] raid6: using avx2x2 recovery algorithm
[    4.183669] xor: automatically using best checksumming function:
[    4.223812]    avx       : 31848.000 MB/sec
[    4.226054] async_tx: api initialized (async)
[    4.234502] md: raid6 personality registered for level 6
[    4.235861] md: raid5 personality registered for level 5
[    4.236853] md: raid4 personality registered for level 4
[    4.242212] md: raid10 personality registered for level 10
done.
Begin: Running /scripts/init-premount ... done.
Begin: Mounting root file system ... Begin: Running /scripts/local-top ... done.
Begin: Running /scripts/local-premount ... [    4.265561] Btrfs loaded
Scanning for Btrfs filesystems
done.
Warning: fsck not present, so skipping root file system
[    4.287300] EXT4-fs (sda1): mounted filesystem with ordered data mode. Opts: (null)
done.
Begin: Running /scripts/local-bottom ... done.
Begin: Running /scripts/init-bottom ... done.
[    4.364979] systemd[1]: systemd 229 running in system mode. (+PAM +AUDIT +SELINUX +IMA +APPARMOR +SMACK +SYSVINIT +UTMP +LIBCRYPTSETUP +GCRYPT +GNUTLS +ACL +XZ -LZ4 +SECCOMP +BLKID +ELFUTILS +KMOD -IDN)
[    4.368579] systemd[1]: Detected virtualization oracle.
[    4.369564] systemd[1]: Detected architecture x86-64.

Welcome to [1mUbuntu 16.04.7 LTS[0m!

[    4.373493] systemd[1]: Set hostname to <ubuntu-xenial>.
[    4.477305] systemd[1]: Listening on LVM2 metadata daemon socket.
[[0;32m  OK  [0m] Listening on LVM2 metadata daemon socket.
[    4.479705] systemd[1]: Created slice User and Session Slice.
[[0;32m  OK  [0m] Created slice User and Session Slice.
[    4.481816] systemd[1]: Listening on Journal Socket (/dev/log).
[[0;32m  OK  [0m] Listening on Journal Socket (/dev/log).
[    4.483992] systemd[1]: Started Forward Password Requests to Wall Directory Watch.
[[0;32m  OK  [0m] Started Forward Password Requests to Wall Directory Watch.
[    4.486769] systemd[1]: Listening on Syslog Socket.
[[0;32m  OK  [0m] Listening on Syslog Socket.
[    4.488646] systemd[1]: Started Trigger resolvconf update for networkd DNS.
[[0;32m  OK  [0m] Started Trigger resolvconf update for networkd DNS.
[    4.491051] systemd[1]: Reached target User and Group Name Lookups.
[[0;32m  OK  [0m] Reached target User and Group Name Lookups.
[    4.493287] systemd[1]: Listening on Device-mapper event daemon FIFOs.
[[0;32m  OK  [0m] Listening on Device-mapper event daemon FIFOs.
[    4.495598] systemd[1]: Reached target Swap.
[[0;32m  OK  [0m] Reached target Swap.
[    4.497327] systemd[1]: Listening on /dev/initctl Compatibility Named Pipe.
[[0;32m  OK  [0m] Listening on /dev/initctl Compatibility Named Pipe.
[    4.499792] systemd[1]: Reached target System Time Synchronized.
[[0;32m  OK  [0m] Reached target System Time Synchronized.
[    4.501969] systemd[1]: Listening on udev Control Socket.
[[0;32m  OK  [0m] Listening on udev Control Socket.
[    4.504142] systemd[1]: Created slice System Slice.
[[0;32m  OK  [0m] Created slice System Slice.
[    4.506108] systemd[1]: Created slice system-serial\x2dgetty.slice.
[[0;32m  OK  [0m] Created slice system-serial\x2dgetty.slice.
[    4.508329] systemd[1]: Reached target Slices.
[[0;32m  OK  [0m] Reached target Slices.
[    4.510021] systemd[1]: Listening on LVM2 poll daemon socket.
[[0;32m  OK  [0m] Listening on LVM2 poll daemon socket.
[    4.511987] systemd[1]: Listening on udev Kernel Socket.
[[0;32m  OK  [0m] Listening on udev Kernel Socket.
[    4.513920] systemd[1]: Reached target Encrypted Volumes.
[[0;32m  OK  [0m] Reached target Encrypted Volumes.
[    4.515971] systemd[1]: Set up automount Arbitrary Executable File Formats File System Automount Point.
[[0;32m  OK  [0m] Set up automount Arbitrary Executab...ats File System Automount Point.
[    4.518858] systemd[1]: Listening on fsck to fsckd communication Socket.
[[0;32m  OK  [0m] Listening on fsck to fsckd communication Socket.
[    4.521237] systemd[1]: Listening on Journal Audit Socket.
[[0;32m  OK  [0m] Listening on Journal Audit Socket.
[    4.523238] systemd[1]: Listening on Journal Socket.
[[0;32m  OK  [0m] Listening on Journal Socket.
[    4.540696] systemd[1]: Starting File System Check on Root Device...
         Starting File System Check on Root Device...
[    4.552468] systemd[1]: Mounting Debug File System...
         Mounting Debug File System...
[    4.555336] systemd[1]: Starting Create list of required static device nodes for the current kernel...
         Starting Create list of required st... nodes for the current kernel...
[    4.560315] systemd[1]: Starting Journal Service...
         Starting Journal Service...
[    4.563262] systemd[1]: Starting Set console keymap...
         Starting Set console keymap...
[    4.566828] systemd[1]: Starting Nameserver information manager...
         Starting Nameserver information manager...
[    4.570594] systemd[1]: Mounting POSIX Message Queue File System...
         Mounting POSIX Message Queue File System...
[    4.574771] systemd[1]: Starting Uncomplicated firewall...
         Starting Uncomplicated firewall...
[    4.577423] systemd[1]: Starting Monitoring of LVM2 mirrors, snapshots etc. using dmeventd or progress polling...
         Starting Monitoring of LVM2 mirrors... dmeventd or progress polling...
[    4.584203] systemd[1]: Starting Load Kernel Modules...
         Starting Load Kernel Modules...
[    4.587253] systemd[1]: Mounting Huge Pages File System...
         Mounting Huge Pages File System...
[    4.592593] systemd[1]: Mounted POSIX Message Queue File System.
[    4.593905] Loading iSCSI transport class v2.0-870.
[[0;32m  OK  [0m] Mounted POSIX Message Queue File System.
[    4.595537] systemd[1]: Mounted Debug File System.
[[0;32m  OK  [0m] Mounted Debug File System.
[    4.597783] systemd[1]: Started File System Check on Root Device.
[[0;32m  OK  [0m] Started File System Check on Root Device.
[    4.601345] systemd[1]: Started Create list of required static device nodes for the current kernel.
[[0;32m  OK  [0m] Started Create list of required sta...ce nodes for the current kernel.
[    4.604466] iscsi: registered transport (tcp)
[    4.608766] systemd[1]: Started Uncomplicated firewall.
[[0;32m  OK  [0m] Started Uncomplicated firewall.
[    4.610825] systemd[1]: Mounted Huge Pages File System.
[[0;32m  OK  [0m] Mounted Huge Pages File System.
[    4.613414] systemd[1]: Started Nameserver information manager.
[[0;32m  OK  [0m] Started Nameserver information manager.
[    4.618048] systemd[1]: Started LVM2 metadata daemon.
[[0;32m  OK  [0m] Started LVM2 metadata daemon.
[    4.620686] systemd[1]: Started File System Check Daemon to report status.
[[0;32m  OK  [0m] Started File System Check Daemon to report status.
[    4.629700] systemd[1]: Starting Create Static Device Nodes in /dev...
         Starting Create Static Device Nodes in /dev...
[    4.633450] systemd[1]: Starting Remount Root and Kernel File Systems...
         Starting Remount Root and Kernel File Systems...
[    4.639964] systemd[1]: Started Journal Service.
[[0;32m  OK  [0m] Started Journal Service.
[[0;32m  OK  [0m] Started Set console keymap.
[    4.646179] EXT4-fs (sda1): re-mounted. Opts: (null)
[[0;32m  OK  [0m] Started Remount Root and Kernel File Systems.
         Starting udev Coldplug all Devices...
         Starting Flush Journal to Persistent Storage...
         Starting Load/Save Random Seed...
[    4.664858] iscsi: registered transport (iser)
[[0;32m  OK  [0m] Started Load Kernel Modules.
[[0;32m  OK  [0m] Started Load/Save Random Seed.
         Mounting FUSE Control File System...
         Starting Apply Kernel Variables...
[[0;32m  OK  [0m] Mounted FUSE Control File System.
[[0;32m  OK  [0m] Started Create Static Device Nodes in /dev.
[[0;32m  OK  [0m] Started Apply Kernel Variables.
         Starting udev Kernel Device Manager...
[[0;32m  OK  [0m] Started Flush Journal to Persistent Storage.
[[0;32m  OK  [0m] Started udev Coldplug all Devices.
[[0;32m  OK  [0m] Started udev Kernel Device Manager.
[[0;32m  OK  [0m] Started Dispatch Password Requests to Console Directory Watch.
[[0;32m  OK  [0m] Found device /dev/ttyS0.
[[0;32m  OK  [0m] Listening on Load/Save RF Kill Switch Status /dev/rfkill Watch.
[[0;32m  OK  [0m] Found device 82540EM Gigabit Ethern...r (PRO/1000 MT Desktop Adapter).
[[0;32m  OK  [0m] Found device 82540EM Gigabit Ethern...r (PRO/1000 MT Desktop Adapter).
[[0;32m  OK  [0m] Started Monitoring of LVM2 mirrors,...ng dmeventd or progress polling.
[[0;32m  OK  [0m] Reached target Local File Systems (Pre).
[[0;32m  OK  [0m] Reached target Local File Systems.
         Starting Initial cloud-init job (pre-networking)...
         Starting Tell Plymouth To Write Out Runtime Data...
         Starting Create Volatile Files and Directories...
         Starting LSB: AppArmor initialization...
         Starting Set console font and keymap...
[[0;32m  OK  [0m] Started Tell Plymouth To Write Out Runtime Data.
[[0;32m  OK  [0m] Started Create Volatile Files and Directories.
[[0;32m  OK  [0m] Started LSB: AppArmor initialization.
         Starting Load AppArmor profiles managed internally by snapd...
         Starting Update UTMP about System Boot/Shutdown...
[[0;32m  OK  [0m] Started Load AppArmor profiles managed internally by snapd.
[[0;32m  OK  [0m] Started Update UTMP about System Boot/Shutdown.
[[0;32m  OK  [0m] Started Set console font and keymap.
[[0;32m  OK  [0m] Created slice system-getty.slice.
[    5.643018] cloud-init[646]: Cloud-init v. 21.1-19-gbad84ad4-0ubuntu1~16.04.2 running 'init-local' at Tue, 23 Nov 2021 17:07:49 +0000. Up 5.46 seconds.
[[0;32m  OK  [0m] Started Initial cloud-init job (pre-networking).
[[0;32m  OK  [0m] Reached target Network (Pre).
         Starting Raise network interfaces...
[[0;32m  OK  [0m] Started ifup for enp0s3.
[[0;32m  OK  [0m] Started ifup for enp0s8.
[[0;32m  OK  [0m] Started Raise network interfaces.
         Starting Initial cloud-init job (metadata service crawler)...
[[0;32m  OK  [0m] Reached target Network.
[    6.167760] cloud-init[1086]: Cloud-init v. 21.1-19-gbad84ad4-0ubuntu1~16.04.2 running 'init' at Tue, 23 Nov 2021 17:07:49 +0000. Up 6.00 seconds.
[    6.176375] cloud-init[1086]: ci-info: ++++++++++++++++++++++++++++++++++++++Net device info+++++++++++++++++++++++++++++++++++++++
[    6.184435] cloud-init[1086]: ci-info: +--------+------+-----------------------------+---------------+--------+-------------------+
[    6.192408] cloud-init[1086]: ci-info: | Device |  Up  |           Address           |      Mask     | Scope  |     Hw-Address    |
[    6.204285] cloud-init[1086]: ci-info: +--------+------+-----------------------------+---------------+--------+-------------------+
[[0;32m  OK  [0m] Started Initial cloud-init job (metadata service crawler).
[[    6.204459] [0;32m  OK  [0mcloud-init] [1086]: Reached target Cloud-config availability.ci-info: | enp0s3 | True |          10.0.2.15          | 255.255.255.0 | global | 02:be:82:6b:cc:1d |

[[    6.215871] cloud-init[1086]: ci-info: | enp0s3 | True |  fe80::be:82ff:fe6b:cc1d/64 |       .       |  link  | 02:be:82:6b:cc:1d |
[    6.216302] cloud-init[1086]: ci-info: | enp0s8 | True |        192.168.42.112       | 255.255.255.0 | global | 08:00:27:65:93:1f |
[    6.216978] cloud-init[1086]: ci-info: | enp0s8 | True | fe80::a00:27ff:fe65:931f/64 |       .       |  link  | 08:00:27:65:93:1f |
[    6.217664] cloud-init[1086]: ci-info: |   lo   | True |          127.0.0.1          |   255.0.0.0   |  host  |         .         |
[    6.218328] cloud-init[1086]: ci-info: |   lo   | True |           ::1/128           |       .       |  host  |         .         |
[0;32m  OK  [0m] Reached target Network is Online.
[    6.219056] cloud-init[1086]: ci-info: +--------+------+-----------------------------+---------------+--------+-------------------+
[    6.236821] cloud-init[1086]: ci-info: ++++++++++++++++++++++++++++Route IPv4 info++++++++++++++++++++++++++++
[    6.238224] cloud-init[1086]: ci-info: +-------+--------------+----------+---------------+-----------+-------+
[    6.239701] cloud-init[1086]: ci-info: | Route | Destination  | Gateway  |    Genmask    | Interface | Flags |
[    6.241308] cloud-init[1086]: ci-info: +-------+--------------+----------+---------------+-----------+-------+
[    6.241537] cloud-init[1086]: ci-info: |   0   |   0.0.0.0    | 10.0.2.2 |    0.0.0.0    |   enp0s3  |   UG  |
[    6.242143] cloud-init[1086]: ci-info: |   1   |   10.0.2.0   | 0.0.0.0  | 255.255.255.0 |   enp0s3  |   U   |
[    6.242770] cloud-init[1086]: ci-info: |   2   | 192.168.42.0 | 0.0.0.0  | 255.255.255.0 |   enp0s8  |   U   |
         Starting iSCSI initiator daemon (iscsid)...
[[0;32m  OK  [0m] Reached target System Initialization.
         Starting Docker Socket for the API.
[[0;32m  OK  [0m] Listening on D-Bus System Message Bus Socket.
[[0;32m  OK  [0m] Listening on UUID daemon activation socket.
[    6.242906] cloud-init[1086]: ci-info: +-------+--------------+----------+---------------+-----------+-------+
         Starting LXD - unix socket.
[    6.268383] cloud-init[1086]: ci-info: +++++++++++++++++++Route IPv6 info+++++++++++++++++++
[    6.271198] cloud-init[1086]: ci-info: +-------+-------------+---------+-----------+-------+
[[0;32m  OK  [0m] Started Message of the Day.
[[0;32m  OK  [0m] Started Daily Cleanup of Temporary Directories.
[    6.275632] cloud-init[1086]: ci-info: | Route | Destination | Gateway | Interface | Flags |
[    6.278723] cloud-init[1086]: ci-info: +-------+-------------+---------+-----------+-------+
[    6.280353] cloud-init[1086]: ci-info: |   0   |  fe80::/64  |    ::   |   enp0s8  |   U   |
[[0;32m  OK  [0m] Started ACPI Events Check.
[[0;32m  OK  [0m] Reached target Paths.
[[0;32m  OK  [0m] Started Ubuntu Advantage update messaging.
[[0;32m  OK  [0m] Started Daily apt download activities.
[[0;32m  OK  [0m] Started Daily apt upgrade and clean activities.
[[0;32m  OK  [0m] Reached target Timers.
[    6.284118] cloud-init[1086]: ci-info: |   1   |  fe80::/64  |    ::   |   enp0s3  |   U   |
[    6.293481] cloud-init[1086]: ci-info: |   4   |   ff00::/8  |    ::   |   enp0s8  |   U   |
[[0;32m  OK  [0m] Listening on ACPID Listen Socket.
         Starting Socket activation for snappy daemon.
[    6.297360] cloud-init[1086]: ci-info: |   5   |   ff00::/8  |    ::   |   enp0s3  |   U   |
[    6.300397] cloud-init[1086]: ci-info: +-------+-------------+---------+-----------+-------+
[[0;32m  OK  [0m] Listening on Docker Socket for the API.
[[0;32m  OK  [0m] Listening on LXD - unix socket.
[[0;32m  OK  [0m] Listening on Socket activation for snappy daemon.
[[0;32m  OK  [0m] Reached target Sockets.
[[0;32m  OK  [0m] Reached target Basic System.
[[0;32m  OK  [0m] Started D-Bus System Message Bus.
         Starting LXD - container startup/shutdown...
         Starting /etc/rc.local Compatibility...
[[0;32m  OK  [0m] Started ACPI event daemon.
[[0;32m  OK  [0m] Started FUSE filesystem for LXC.
[[0;32m  OK  [0m] Started Deferred execution scheduler.
         Starting LSB: Record successful boot for GRUB...
         Starting Accounts Service...
         Starting Ubuntu Advantage APT and MOTD Messages...
         Starting containerd container runtime...
         Starting Virtualbox guest utils...
         Starting System Logging Service...
[[0;32m  OK  [0m] Started Regular background program processing daemon.
         Starting LSB: MD monitoring daemon...
         Starting Login Service...
         Starting Message of the Day...
         Starting Snap Daemon...
         Starting OpenBSD Secure Shell server...
[[0;32m  OK  [0m] Started iSCSI initiator daemon (iscsid).
[[0;32m  OK  [0m] Started /etc/rc.local Compatibility.
[[0;32m  OK  [0m] Started Message of the Day.
         Starting Login to default iSCSI targets...
[[0;32m  OK  [0m] Started Login Service.
[[0;32m  OK  [0m] Started Unattended Upgrades Shutdown.
[[0;32m  OK  [0m] Started LSB: MD monitoring daemon.
[[0;32m  OK  [0m] Started Login to default iSCSI targets.
[[0;32m  OK  [0m] Reached target Remote File Systems (Pre).
         Mounting /config...
         Mounting /vagrant...
         Starting Authenticate and Authorize Users to Run Privileged Tasks...
[[0;1;31mFAILED[0m] Failed to mount /vagrant.
See 'systemctl status vagrant.mount' for details.
[[0;1;33mDEPEND[0m] Dependency failed for Remote File Systems.
         Starting LSB: daemon to balance interrupts for SMP systems...
         Starting Permit User Sessions...
         Starting LSB: Set the CPU Frequency Scaling governor to "ondemand"...
         Starting LSB: automatic crash report generation...
[[0;1;31mFAILED[0m] Failed to mount /config.
See 'systemctl status config.mount' for details.
[[0;32m  OK  [0m] Started LSB: Record successful boot for GRUB.
[[0;32m  OK  [0m] Started Permit User Sessions.
[[0;32m  OK  [0m] Started System Logging Service.
[[0;32m  OK  [0m] Started Authenticate and Authorize Users to Run Privileged Tasks.
[[0;32m  OK  [0m] Started Accounts Service.
         Starting Hold until boot process finishes up...
         Starting Terminate Plymouth Boot Screen...
[[0;32m  OK  [0m] Started Hold until boot process finishes up.
         Starting Set console scheme...
[[0;32m  OK  [0m] Started Getty on tty1.
[[0;32m  OK  [0m] Started Serial Getty on ttyS0.
[[0;32m  OK  [0m] Reached target Login Prompts.
[[0;32m  OK  [0m] Started OpenBSD Secure Shell server.
[[0;32m  OK  [0m] Started LSB: Set the CPU Frequency Scaling governor to "ondemand".
[[0;32m  OK  [0m] Started Terminate Plymouth Boot Screen.
[[0;32m  OK  [0m] Started Set console scheme.
[[0;32m  OK  [0m] Started LSB: daemon to balance interrupts for SMP systems.
[[0;32m  OK  [0m] Started LSB: automatic crash report generation.
[[0;32m  OK  [0m] Started LXD - container startup/shutdown.
[[0;32m  OK  [0m] Started Virtualbox guest utils.
[[0;32m  OK  [0m] Started Snap Daemon.
         Starting Wait until snapd is fully seeded...
[[0;32m  OK  [0m] Started Wait until snapd is fully seeded.
         Starting Apply the settings specified in cloud-config...
[[0;32m  OK  [0m] Started containerd container runtime.
         Starting Docker Application Container Engine...
[[0;32m  OK  [0m] Started Ubuntu Advantage APT and MOTD Messages.
[    7.126675] cloud-init[1383]: Cloud-init v. 21.1-19-gbad84ad4-0ubuntu1~16.04.2 running 'modules:config' at Tue, 23 Nov 2021 17:07:50 +0000. Up 7.05 seconds.
[[0;32m  OK  [0m] Started Apply the settings specified in cloud-config.
[[0;32m  OK  [0m] Started Docker Application Container Engine.
[[0;32m  OK  [0m] Reached target Multi-User System.
[[0;32m  OK  [0m] Reached target Graphical Interface.
         Starting Update UTMP about System Runlevel Changes...
         Starting Execute cloud user/final scripts...
[[0;32m  OK  [0m] Started Update UTMP about System Runlevel Changes.
[    8.310080] cloud-init[1944]: Cloud-init v. 21.1-19-gbad84ad4-0ubuntu1~16.04.2 running 'modules:final' at Tue, 23 Nov 2021 17:07:51 +0000. Up 8.23 seconds.
[    8.312230] cloud-init[1944]: Cloud-init v. 21.1-19-gbad84ad4-0ubuntu1~16.04.2 finished at Tue, 23 Nov 2021 17:07:51 +0000. Datasource DataSourceNoCloud [seed=/dev/sdb][dsmode=net].  Up 8.30 seconds
[[0;32m  OK  [0m] Started Execute cloud user/final scripts.
[[0;32m  OK  [0m] Reached target Cloud-init target.

Ubuntu 16.04.7 LTS ubuntu-xenial ttyS0

ubuntu-xenial login: 